Determining if the pthread_create exist failed with the following output:
Change Dir: /home/noob/Documents/UdacityRoboticsNanoDegree/Project_2/build/CMakeFiles/CMakeTmp

Run Build Command:"/usr/bin/make" "cmTC_d734e/fast"
/usr/bin/make -f CMakeFiles/cmTC_d734e.dir/build.make CMakeFiles/cmTC_d734e.dir/build
make[1]: Entering directory '/home/noob/Documents/UdacityRoboticsNanoDegree/Project_2/build/CMakeFiles/CMakeTmp'
Building C object CMakeFiles/cmTC_d734e.dir/CheckSymbolExists.c.o
/usr/bin/cc     -o CMakeFiles/cmTC_d734e.dir/CheckSymbolExists.c.o   -c /home/noob/Documents/UdacityRoboticsNanoDegree/Project_2/build/CMakeFiles/CMakeTmp/CheckSymbolExists.c
Linking C executable cmTC_d734e
/usr/bin/cmake -E cmake_link_script CMakeFiles/cmTC_d734e.dir/link.txt --verbose=1
/usr/bin/cc       CMakeFiles/cmTC_d734e.dir/CheckSymbolExists.c.o  -o cmTC_d734e -rdynamic 
CMakeFiles/cmTC_d734e.dir/CheckSymbolExists.c.o: In function `main':
CheckSymbolExists.c:(.text+0x16): undefined reference to `pthread_create'
collect2: error: ld returned 1 exit status
CMakeFiles/cmTC_d734e.dir/build.make:97: recipe for target 'cmTC_d734e' failed
make[1]: *** [cmTC_d734e] Error 1
make[1]: Leaving directory '/home/noob/Documents/UdacityRoboticsNanoDegree/Project_2/build/CMakeFiles/CMakeTmp'
Makefile:126: recipe for target 'cmTC_d734e/fast' failed
make: *** [cmTC_d734e/fast] Error 2

File /home/noob/Documents/UdacityRoboticsNanoDegree/Project_2/build/CMakeFiles/CMakeTmp/CheckSymbolExists.c:
/* */
#include <pthread.h>

int main(int argc, char** argv)
{
  (void)argv;
#ifndef pthread_create
  return ((int*)(&pthread_create))[argc];
#else
  (void)argc;
  return 0;
#endif
}

Determining if the function pthread_create exists in the pthreads failed with the following output:
Change Dir: /home/noob/Documents/UdacityRoboticsNanoDegree/Project_2/build/CMakeFiles/CMakeTmp

Run Build Command:"/usr/bin/make" "cmTC_78aed/fast"
/usr/bin/make -f CMakeFiles/cmTC_78aed.dir/build.make CMakeFiles/cmTC_78aed.dir/build
make[1]: Entering directory '/home/noob/Documents/UdacityRoboticsNanoDegree/Project_2/build/CMakeFiles/CMakeTmp'
Building C object CMakeFiles/cmTC_78aed.dir/CheckFunctionExists.c.o
/usr/bin/cc    -DCHECK_FUNCTION_EXISTS=pthread_create   -o CMakeFiles/cmTC_78aed.dir/CheckFunctionExists.c.o   -c /usr/share/cmake-3.5/Modules/CheckFunctionExists.c
Linking C executable cmTC_78aed
/usr/bin/cmake -E cmake_link_script CMakeFiles/cmTC_78aed.dir/link.txt --verbose=1
/usr/bin/cc   -DCHECK_FUNCTION_EXISTS=pthread_create    CMakeFiles/cmTC_78aed.dir/CheckFunctionExists.c.o  -o cmTC_78aed -rdynamic -lpthreads 
/usr/bin/ld: cannot find -lpthreads
collect2: error: ld returned 1 exit status
CMakeFiles/cmTC_78aed.dir/build.make:97: recipe for target 'cmTC_78aed' failed
make[1]: *** [cmTC_78aed] Error 1
make[1]: Leaving directory '/home/noob/Documents/UdacityRoboticsNanoDegree/Project_2/build/CMakeFiles/CMakeTmp'
Makefile:126: recipe for target 'cmTC_78aed/fast' failed
make: *** [cmTC_78aed/fast] Error 2


